checking for a BSD-compatible install... /usr/bin/install -c
checking whether build environment is sane... yes
checking for a thread-safe mkdir -p... /bin/mkdir -p
checking for gawk... gawk
checking whether make sets $(MAKE)... yes
checking for style of include used by make... GNU
checking for gcc... gcc
checking whether the C compiler works... yes
checking for C compiler default output file name... a.out
checking for suffix of executables... 
checking whether we are cross compiling... no
checking for suffix of object files... o
checking whether we are using the GNU C compiler... yes
checking whether gcc accepts -g... yes
checking for gcc option to accept ISO C89... none needed
checking dependency style of gcc... gcc3
checking how to run the C preprocessor... gcc -E
checking for grep that handles long lines and -e... /bin/grep
checking for egrep... /bin/grep -E
checking for ANSI C header files... yes
checking for sys/types.h... yes
checking for sys/stat.h... yes
checking for stdlib.h... yes
checking for string.h... yes
checking for memory.h... yes
checking for strings.h... yes
checking for inttypes.h... yes
checking for stdint.h... yes
checking for unistd.h... yes
checking minix/config.h usability... no
checking minix/config.h presence... no
checking for minix/config.h... no
checking whether it is safe to define __EXTENSIONS__... yes
checking build system type... x86_64-unknown-linux-gnu
checking host system type... x86_64-unknown-linux-gnu
checking for prefix... /usr/local
checking for gcc... (cached) gcc
checking whether we are using the GNU C compiler... (cached) yes
checking whether gcc accepts -g... (cached) yes
checking for gcc option to accept ISO C89... (cached) none needed
checking dependency style of gcc... (cached) gcc3
checking for library containing strerror... none required
checking how to run the C preprocessor... gcc -E
checking whether make sets $(MAKE)... (cached) yes
checking for ranlib... ranlib
checking for ar... ar
checking for inline... inline
checking for an ANSI C-conforming const... yes
checking whether byte ordering is bigendian... no
checking for special C compiler options needed for large files... no
checking for _FILE_OFFSET_BITS value needed for large files... no
checking for _LARGEFILE_SOURCE value needed for large files... no
checking size of off_t... 8
checking for dbx... no
checking for gdb... no
checking for sdb... no
checking for inttypes.h... (cached) yes
checking for uint32_t... yes
checking size of short... 2
checking size of int... 4
checking size of long... 8
checking size of long long... 8
checking for long long int... yes
checking for sendmail... /usr/sbin/sendmail
checking whether to build with GPGME support... no
checking for notmuch_database_open in -lnotmuch... yes
checking for notmuch api version 3... yes
checking for ispell... no
checking for initscr... no
checking for waddnwstr in -lncurses... no
checking for waddnwstr in -lncursesw... yes
checking for initscr in -lncursesw... yes
checking ncursesw/ncurses.h usability... yes
checking ncursesw/ncurses.h presence... yes
checking for ncursesw/ncurses.h... yes
checking for start_color declaration... yes
checking for typeahead declaration... yes
checking for bkgdset declaration... yes
checking for curs_set declaration... yes
checking for meta declaration... yes
checking for use_default_colors declaration... yes
checking for resizeterm declaration... yes
checking for ANSI C header files... (cached) yes
checking stdarg.h usability... yes
checking stdarg.h presence... yes
checking for stdarg.h... yes
checking sys/ioctl.h usability... yes
checking sys/ioctl.h presence... yes
checking for sys/ioctl.h... yes
checking ioctl.h usability... no
checking ioctl.h presence... no
checking for ioctl.h... no
checking sysexits.h usability... yes
checking sysexits.h presence... yes
checking for sysexits.h... yes
checking sys/time.h usability... yes
checking sys/time.h presence... yes
checking for sys/time.h... yes
checking sys/resource.h usability... yes
checking sys/resource.h presence... yes
checking for sys/resource.h... yes
checking unix.h usability... no
checking unix.h presence... no
checking for unix.h... no
checking for setrlimit... yes
checking for getsid... yes
checking return type of signal handlers... void
checking for sig_atomic_t in signal.h... yes, non volatile
checking whether sys_siglist is declared... yes
checking for pid_t... yes
checking for ssize_t... yes
checking for fgetpos... yes
checking for memmove... yes
checking for setegid... yes
checking for srand48... yes
checking for strerror... yes
checking for setenv... yes
checking for strcasecmp... yes
checking for strdup... yes
checking for strsep... yes
checking for strtok_r... yes
checking for wcscasecmp... yes
checking for strcasestr... yes
checking for mkdtemp... yes
checking for getopt... yes
checking getopt.h usability... yes
checking getopt.h presence... yes
checking for getopt.h... yes
checking for snprintf... yes
checking for vsnprintf... yes
checking whether your system's snprintf is C99 compliant... yes
checking whether your system's vsnprintf is C99 compliant... yes
checking for va_copy... va_copy
checking for ftruncate... yes
checking for strftime... yes
checking for fchdir... yes
checking for regcomp... yes
checking whether your system's regexp library is completely broken... no
checking where new mail is stored... /var/mail
checking if /var/mail is world writable... no
checking if /var/mail is group writable... no
checking where to put the documentation... ${datarootdir}/doc/mutt
checking whether struct dirent defines d_ino... yes
checking for off_t... yes
checking for size_t... yes
checking for working alloca.h... yes
checking for alloca... yes
checking for stdlib.h... (cached) yes
checking for unistd.h... (cached) yes
checking for sys/param.h... yes
checking for getpagesize... yes
checking for working mmap... yes
checking whether we are using the GNU C Library 2.1 or newer... yes
checking argz.h usability... yes
checking argz.h presence... yes
checking for argz.h... yes
checking limits.h usability... yes
checking limits.h presence... yes
checking for limits.h... yes
checking locale.h usability... yes
checking locale.h presence... yes
checking for locale.h... yes
checking nl_types.h usability... yes
checking nl_types.h presence... yes
checking for nl_types.h... yes
checking malloc.h usability... yes
checking malloc.h presence... yes
checking for malloc.h... yes
checking stddef.h usability... yes
checking stddef.h presence... yes
checking for stddef.h... yes
checking for stdlib.h... (cached) yes
checking for string.h... (cached) yes
checking for unistd.h... (cached) yes
checking for sys/param.h... (cached) yes
checking for feof_unlocked... yes
checking for fgets_unlocked... yes
checking for getcwd... yes
checking for getegid... yes
checking for geteuid... yes
checking for getgid... yes
checking for getuid... yes
checking for mempcpy... yes
checking for munmap... yes
checking for putenv... yes
checking for setenv... (cached) yes
checking for setlocale... yes
checking for stpcpy... yes
checking for strchr... yes
checking for strcasecmp... (cached) yes
checking for strdup... (cached) yes
checking for strtoul... yes
checking for tsearch... yes
checking for __argz_count... yes
checking for __argz_stringify... yes
checking for __argz_next... yes
checking for iconv... yes
checking for iconv declaration... 
         extern size_t iconv (iconv_t cd, char * *inbuf, size_t *inbytesleft, char * *outbuf, size_t *outbytesleft);
checking for nl_langinfo and CODESET... yes
checking for LC_MESSAGES... yes
checking whether NLS is requested... yes
checking whether included gettext is requested... no
checking libintl.h usability... yes
checking libintl.h presence... yes
checking for libintl.h... yes
checking for GNU gettext in libc... yes
checking for dcgettext... yes
checking for msgfmt... /usr/bin/msgfmt
checking for gmsgfmt... /usr/bin/gmsgfmt
checking for xgettext... /usr/bin/xgettext
checking for bison... bison
checking version of bison... 2.4.3, ok
checking for catalogs to be installed...  de eu ru it es uk fr pl nl cs id sk ko el zh_TW zh_CN pt_BR eo gl sv da lt tr ja hu et ca bg ga
checking iconv.h usability... yes
checking iconv.h presence... yes
checking for iconv.h... yes
checking whether iconv.h defines iconv_t... yes
checking whether this iconv is good enough... yes
checking whether iconv is non-transcribing... no
checking for bind_textdomain_codeset... yes
checking for library containing stringprep_check_version... no
checking for idna_to_unicode_utf8_from_utf8... no
checking for idna_to_unicode_8z8z... no
checking for idna_to_ascii_from_utf8... no
checking for idna_to_ascii_8z... no
checking for idna_to_ascii_lz... no
checking for idna_to_ascii_from_locale... no
checking wchar.h usability... yes
checking wchar.h presence... yes
checking for wchar.h... yes
checking for wchar_t... yes
checking for wint_t... yes
checking wctype.h usability... yes
checking wctype.h presence... yes
checking for wctype.h... yes
checking for iswalnum... yes
checking for iswalpha... yes
checking for iswblank... yes
checking for iswcntrl... yes
checking for iswdigit... yes
checking for iswgraph... yes
checking for iswlower... yes
checking for iswprint... yes
checking for iswpunct... yes
checking for iswspace... yes
checking for iswupper... yes
checking for iswxdigit... yes
checking for towupper... yes
checking for towlower... yes
checking for mbstate_t... yes
checking for wchar_t functions... yes
checking for nl_langinfo and CODESET... yes
checking for nl_langinfo and YESEXPR... yes
checking for ospcat... none
configure: creating ./config.status
config.status: creating Makefile
config.status: creating contrib/Makefile
config.status: creating doc/Makefile
config.status: creating imap/Makefile
config.status: creating intl/Makefile
config.status: creating m4/Makefile
config.status: creating po/Makefile.in
config.status: creating hcachever.sh
config.status: creating muttbug.sh
config.status: creating doc/instdoc.sh
config.status: creating config.h
config.status: executing depfiles commands
config.status: executing default-1 commands
config.status: creating po/POTFILES
config.status: creating po/Makefile
