./gen_defs ./OPS ./OPS.NOTMUCH ./OPS.PGP ./OPS.SMIME ./OPS.CRYPT  > keymap_defs.h
./patchlist.sh < ./PATCHES > patchlist.c
echo 'const char *ReleaseDate = "'`head -n 1 ./ChangeLog | LC_ALL=C cut -d ' ' -f 1`'";' > reldate.h.tmp; \
cmp -s reldate.h.tmp reldate.h || cp reldate.h.tmp reldate.h; \
rm reldate.h.tmp
make  all-recursive
make[1]: Entering directory `/var/tmp/portage/mail-client/mutt-kz-0_pre20120724/work/mutt-kz-0_pre20120724'
Making all in m4
make[2]: Entering directory `/var/tmp/portage/mail-client/mutt-kz-0_pre20120724/work/mutt-kz-0_pre20120724/m4'
make[2]: Nothing to be done for `all'.
make[2]: Leaving directory `/var/tmp/portage/mail-client/mutt-kz-0_pre20120724/work/mutt-kz-0_pre20120724/m4'
Making all in po
make[2]: Entering directory `/var/tmp/portage/mail-client/mutt-kz-0_pre20120724/work/mutt-kz-0_pre20120724/po'
file=`echo de | sed 's,.*/,,'`.gmo \
  && rm -f $file && /usr/bin/gmsgfmt --statistics -o $file de.po
1106 translated messages, 10 fuzzy translations, 4 untranslated messages.
file=`echo eu | sed 's,.*/,,'`.gmo \
  && rm -f $file && /usr/bin/gmsgfmt --statistics -o $file eu.po
1063 translated messages, 39 fuzzy translations, 18 untranslated messages.
file=`echo ru | sed 's,.*/,,'`.gmo \
  && rm -f $file && /usr/bin/gmsgfmt --statistics -o $file ru.po
1120 translated messages.
file=`echo it | sed 's,.*/,,'`.gmo \
  && rm -f $file && /usr/bin/gmsgfmt --statistics -o $file it.po
855 translated messages, 152 fuzzy translations, 113 untranslated messages.
file=`echo es | sed 's,.*/,,'`.gmo \
  && rm -f $file && /usr/bin/gmsgfmt --statistics -o $file es.po
739 translated messages, 226 fuzzy translations, 155 untranslated messages.
file=`echo uk | sed 's,.*/,,'`.gmo \
  && rm -f $file && /usr/bin/gmsgfmt --statistics -o $file uk.po
761 translated messages, 191 fuzzy translations, 168 untranslated messages.
file=`echo fr | sed 's,.*/,,'`.gmo \
  && rm -f $file && /usr/bin/gmsgfmt --statistics -o $file fr.po
1121 translated messages.
file=`echo pl | sed 's,.*/,,'`.gmo \
  && rm -f $file && /usr/bin/gmsgfmt --statistics -o $file pl.po
1062 translated messages, 42 fuzzy translations, 16 untranslated messages.
file=`echo nl | sed 's,.*/,,'`.gmo \
  && rm -f $file && /usr/bin/gmsgfmt --statistics -o $file nl.po
1092 translated messages, 18 fuzzy translations, 10 untranslated messages.
file=`echo cs | sed 's,.*/,,'`.gmo \
  && rm -f $file && /usr/bin/gmsgfmt --statistics -o $file cs.po
1119 translated messages, 1 fuzzy translation.
file=`echo id | sed 's,.*/,,'`.gmo \
  && rm -f $file && /usr/bin/gmsgfmt --statistics -o $file id.po
1054 translated messages, 41 fuzzy translations, 25 untranslated messages.
file=`echo sk | sed 's,.*/,,'`.gmo \
  && rm -f $file && /usr/bin/gmsgfmt --statistics -o $file sk.po
540 translated messages, 330 fuzzy translations, 250 untranslated messages.
file=`echo ko | sed 's,.*/,,'`.gmo \
  && rm -f $file && /usr/bin/gmsgfmt --statistics -o $file ko.po
852 translated messages, 149 fuzzy translations, 119 untranslated messages.
file=`echo el | sed 's,.*/,,'`.gmo \
  && rm -f $file && /usr/bin/gmsgfmt --statistics -o $file el.po
871 translated messages, 143 fuzzy translations, 106 untranslated messages.
file=`echo zh_TW | sed 's,.*/,,'`.gmo \
  && rm -f $file && /usr/bin/gmsgfmt --statistics -o $file zh_TW.po
747 translated messages, 223 fuzzy translations, 150 untranslated messages.
file=`echo zh_CN | sed 's,.*/,,'`.gmo \
  && rm -f $file && /usr/bin/gmsgfmt --statistics -o $file zh_CN.po
1104 translated messages, 13 fuzzy translations, 3 untranslated messages.
file=`echo pt_BR | sed 's,.*/,,'`.gmo \
  && rm -f $file && /usr/bin/gmsgfmt --statistics -o $file pt_BR.po
653 translated messages, 289 fuzzy translations, 178 untranslated messages.
file=`echo eo | sed 's,.*/,,'`.gmo \
  && rm -f $file && /usr/bin/gmsgfmt --statistics -o $file eo.po
1059 translated messages, 43 fuzzy translations, 18 untranslated messages.
file=`echo gl | sed 's,.*/,,'`.gmo \
  && rm -f $file && /usr/bin/gmsgfmt --statistics -o $file gl.po
725 translated messages, 237 fuzzy translations, 158 untranslated messages.
file=`echo sv | sed 's,.*/,,'`.gmo \
  && rm -f $file && /usr/bin/gmsgfmt --statistics -o $file sv.po
1063 translated messages, 42 fuzzy translations, 15 untranslated messages.
file=`echo da | sed 's,.*/,,'`.gmo \
  && rm -f $file && /usr/bin/gmsgfmt --statistics -o $file da.po
876 translated messages, 137 fuzzy translations, 107 untranslated messages.
file=`echo lt | sed 's,.*/,,'`.gmo \
  && rm -f $file && /usr/bin/gmsgfmt --statistics -o $file lt.po
714 translated messages, 243 fuzzy translations, 163 untranslated messages.
file=`echo tr | sed 's,.*/,,'`.gmo \
  && rm -f $file && /usr/bin/gmsgfmt --statistics -o $file tr.po
1009 translated messages, 76 fuzzy translations, 35 untranslated messages.
file=`echo ja | sed 's,.*/,,'`.gmo \
  && rm -f $file && /usr/bin/gmsgfmt --statistics -o $file ja.po
1119 translated messages, 2 untranslated messages.
file=`echo hu | sed 's,.*/,,'`.gmo \
  && rm -f $file && /usr/bin/gmsgfmt --statistics -o $file hu.po
846 translated messages, 154 fuzzy translations, 120 untranslated messages.
file=`echo et | sed 's,.*/,,'`.gmo \
  && rm -f $file && /usr/bin/gmsgfmt --statistics -o $file et.po
827 translated messages, 161 fuzzy translations, 132 untranslated messages.
file=`echo ca | sed 's,.*/,,'`.gmo \
  && rm -f $file && /usr/bin/gmsgfmt --statistics -o $file ca.po
1120 translated messages.
file=`echo bg | sed 's,.*/,,'`.gmo \
  && rm -f $file && /usr/bin/gmsgfmt --statistics -o $file bg.po
846 translated messages, 158 fuzzy translations, 116 untranslated messages.
file=`echo ga | sed 's,.*/,,'`.gmo \
  && rm -f $file && /usr/bin/gmsgfmt --statistics -o $file ga.po
1019 translated messages, 69 fuzzy translations, 32 untranslated messages.
make[2]: Leaving directory `/var/tmp/portage/mail-client/mutt-kz-0_pre20120724/work/mutt-kz-0_pre20120724/po'
Making all in intl
make[2]: Entering directory `/var/tmp/portage/mail-client/mutt-kz-0_pre20120724/work/mutt-kz-0_pre20120724/intl'
make[2]: Nothing to be done for `all'.
make[2]: Leaving directory `/var/tmp/portage/mail-client/mutt-kz-0_pre20120724/work/mutt-kz-0_pre20120724/intl'
Making all in doc
make[2]: Entering directory `/var/tmp/portage/mail-client/mutt-kz-0_pre20120724/work/mutt-kz-0_pre20120724/doc'
gcc -DSYSCONFDIR=\"/usr/local/etc\" -DBINDIR=\"/usr/local/bin\" -DHAVE_CONFIG_H=1 -I. -I..  -I. -I.. -I/usr/local/include -I.. -I../intl  -Wall -pedantic -Wno-long-long -g -O2 -MT makedoc.o -MD -MP -MF .deps/makedoc.Tpo -c -o makedoc.o makedoc.c
mv -f .deps/makedoc.Tpo .deps/makedoc.Po
gcc  -Wall -pedantic -Wno-long-long -g -O2   -o makedoc makedoc.o  -lnotmuch 
sed -e 's,@sysconfdir\@,/usr/local/etc,g' -e 's,@bindir\@,/usr/local/bin,g' -e 's,@docdir\@,/usr/local/share/doc/mutt,g' ./mutt.man > mutt.1
sed -e 's,@sysconfdir\@,/usr/local/etc,g' -e 's,@bindir\@,/usr/local/bin,g' -e 's,@docdir\@,/usr/local/share/doc/mutt,g' ./smime_keys.man > smime_keys.1
gcc -E -I. -I.. -I/usr/local/include -I.. -DSYSCONFDIR=\"/usr/local/etc\" -DBINDIR=\"/usr/local/bin\" -DHAVE_CONFIG_H=1 -I../intl -D_MAKEDOC -C ../init.h | ./makedoc -m | 	    \
	cat ./muttrc.man.head - ./muttrc.man.tail\
	> muttrc.man
( date=`head -n 1 ../ChangeLog | LC_ALL=C cut -d ' ' -f 1` && \
  sed -e "s/@VERSION\@/`cat ../VERSION` ($date)/" ./manual.xml.head && \
  gcc -E -I. -I.. -I/usr/local/include -I.. -DSYSCONFDIR=\"/usr/local/etc\" -DBINDIR=\"/usr/local/bin\" -DHAVE_CONFIG_H=1 -I../intl -D_MAKEDOC -C ../init.h | ./makedoc -s && \
  gcc -E -I. -I.. -I/usr/local/include -I.. -DSYSCONFDIR=\"/usr/local/etc\" -DBINDIR=\"/usr/local/bin\" -DHAVE_CONFIG_H=1 -I../intl -D_MAKEDOC -C ../functions.h | \
    perl ./gen-map-doc ./manual.xml.tail ../OPS* \
) > manual.xml
map generic undefined at ./gen-map-doc line 55, <XML> line 14.
map index undefined at ./gen-map-doc line 55, <XML> line 15.
map pager undefined at ./gen-map-doc line 55, <XML> line 16.
map alias undefined at ./gen-map-doc line 55, <XML> line 17.
map query undefined at ./gen-map-doc line 55, <XML> line 18.
map attachment undefined at ./gen-map-doc line 55, <XML> line 19.
map compose undefined at ./gen-map-doc line 55, <XML> line 20.
map postpone undefined at ./gen-map-doc line 55, <XML> line 21.
map browser undefined at ./gen-map-doc line 55, <XML> line 22.
map pgp undefined at ./gen-map-doc line 55, <XML> line 23.
map smime undefined at ./gen-map-doc line 55, <XML> line 24.
map mixmaster undefined at ./gen-map-doc line 55, <XML> line 25.
map editor undefined at ./gen-map-doc line 55, <XML> line 26.
touch stamp-doc-xml
xsltproc --nonet -o manual.html ./html.xsl manual.xml
I/O error : Attempt to load network entity http://docbook.sourceforge.net/release/xsl/current/xhtml/docbook.xsl
warning: failed to load external entity "http://docbook.sourceforge.net/release/xsl/current/xhtml/docbook.xsl"
compilation error: file ./html.xsl line 3 element import
xsl:import : unable to load http://docbook.sourceforge.net/release/xsl/current/xhtml/docbook.xsl
make[2]: [manual.html] Error 5 (ignored)
rm -f Muttrc stamp-doc-rc
sed -e 's,[@]docdir[@],/usr/local/share/doc/mutt,' ./Muttrc.head > Muttrc
gcc -E -I. -I.. -I/usr/local/include -I.. -DSYSCONFDIR=\"/usr/local/etc\" -DBINDIR=\"/usr/local/bin\" -DHAVE_CONFIG_H=1 -I../intl -D_MAKEDOC -C \
  ../init.h | ./makedoc -c >> Muttrc
touch stamp-doc-rc
xsltproc --nonet ./chunk.xsl manual.xml
I/O error : Attempt to load network entity http://docbook.sourceforge.net/release/xsl/current/xhtml/chunk.xsl
warning: failed to load external entity "http://docbook.sourceforge.net/release/xsl/current/xhtml/chunk.xsl"
compilation error: file ./chunk.xsl line 3 element import
xsl:import : unable to load http://docbook.sourceforge.net/release/xsl/current/xhtml/chunk.xsl
make[2]: [stamp-doc-chunked] Error 5 (ignored)
touch stamp-doc-chunked
LC_ALL=C lynx -dump -nolist -with_backspaces -display_charset=us-ascii manual.html > manual.txt || \
LC_ALL=C w3m -dump manual.html > manual.txt || \
LC_ALL=C elinks -dump -no-numbering -no-references manual.html | sed -e 's,\\001, ,g' > manual.txt
/bin/sh: lynx: command not found
/bin/sh: line 1: w3m: command not found
/bin/sh: line 2: elinks: command not found
make[2]: Leaving directory `/var/tmp/portage/mail-client/mutt-kz-0_pre20120724/work/mutt-kz-0_pre20120724/doc'
Making all in contrib
make[2]: Entering directory `/var/tmp/portage/mail-client/mutt-kz-0_pre20120724/work/mutt-kz-0_pre20120724/contrib'
make[2]: Nothing to be done for `all'.
make[2]: Leaving directory `/var/tmp/portage/mail-client/mutt-kz-0_pre20120724/work/mutt-kz-0_pre20120724/contrib'
make[2]: Entering directory `/var/tmp/portage/mail-client/mutt-kz-0_pre20120724/work/mutt-kz-0_pre20120724'
gcc -DPKGDATADIR=\"/usr/local/share/mutt\" -DSYSCONFDIR=\"/usr/local/etc\" -DBINDIR=\"/usr/local/bin\" -DMUTTLOCALEDIR=\"/usr/local/share/locale\" -DHAVE_CONFIG_H=1 -I.  -I. -I.   -Iintl -I./intl  -Wall -pedantic -Wno-long-long -g -O2 -MT addrbook.o -MD -MP -MF .deps/addrbook.Tpo -c -o addrbook.o addrbook.c
mv -f .deps/addrbook.Tpo .deps/addrbook.Po
gcc -DPKGDATADIR=\"/usr/local/share/mutt\" -DSYSCONFDIR=\"/usr/local/etc\" -DBINDIR=\"/usr/local/bin\" -DMUTTLOCALEDIR=\"/usr/local/share/locale\" -DHAVE_CONFIG_H=1 -I.  -I. -I.   -Iintl -I./intl  -Wall -pedantic -Wno-long-long -g -O2 -MT alias.o -MD -MP -MF .deps/alias.Tpo -c -o alias.o alias.c
mv -f .deps/alias.Tpo .deps/alias.Po
gcc -DPKGDATADIR=\"/usr/local/share/mutt\" -DSYSCONFDIR=\"/usr/local/etc\" -DBINDIR=\"/usr/local/bin\" -DMUTTLOCALEDIR=\"/usr/local/share/locale\" -DHAVE_CONFIG_H=1 -I.  -I. -I.   -Iintl -I./intl  -Wall -pedantic -Wno-long-long -g -O2 -MT attach.o -MD -MP -MF .deps/attach.Tpo -c -o attach.o attach.c
mv -f .deps/attach.Tpo .deps/attach.Po
gcc -DPKGDATADIR=\"/usr/local/share/mutt\" -DSYSCONFDIR=\"/usr/local/etc\" -DBINDIR=\"/usr/local/bin\" -DMUTTLOCALEDIR=\"/usr/local/share/locale\" -DHAVE_CONFIG_H=1 -I.  -I. -I.   -Iintl -I./intl  -Wall -pedantic -Wno-long-long -g -O2 -MT base64.o -MD -MP -MF .deps/base64.Tpo -c -o base64.o base64.c
mv -f .deps/base64.Tpo .deps/base64.Po
gcc -DPKGDATADIR=\"/usr/local/share/mutt\" -DSYSCONFDIR=\"/usr/local/etc\" -DBINDIR=\"/usr/local/bin\" -DMUTTLOCALEDIR=\"/usr/local/share/locale\" -DHAVE_CONFIG_H=1 -I.  -I. -I.   -Iintl -I./intl  -Wall -pedantic -Wno-long-long -g -O2 -MT browser.o -MD -MP -MF .deps/browser.Tpo -c -o browser.o browser.c
browser.c: In function ‘_mutt_select_file’:
browser.c:687:9: warning: ignoring return value of ‘getcwd’, declared with attribute warn_unused_result
browser.c:697:9: warning: ignoring return value of ‘getcwd’, declared with attribute warn_unused_result
browser.c:716:14: warning: ignoring return value of ‘getcwd’, declared with attribute warn_unused_result
browser.c:735:16: warning: ignoring return value of ‘getcwd’, declared with attribute warn_unused_result
mv -f .deps/browser.Tpo .deps/browser.Po
gcc -DPKGDATADIR=\"/usr/local/share/mutt\" -DSYSCONFDIR=\"/usr/local/etc\" -DBINDIR=\"/usr/local/bin\" -DMUTTLOCALEDIR=\"/usr/local/share/locale\" -DHAVE_CONFIG_H=1 -I.  -I. -I.   -Iintl -I./intl  -Wall -pedantic -Wno-long-long -g -O2 -MT buffy.o -MD -MP -MF .deps/buffy.Tpo -c -o buffy.o buffy.c
mv -f .deps/buffy.Tpo .deps/buffy.Po
gcc -DPKGDATADIR=\"/usr/local/share/mutt\" -DSYSCONFDIR=\"/usr/local/etc\" -DBINDIR=\"/usr/local/bin\" -DMUTTLOCALEDIR=\"/usr/local/share/locale\" -DHAVE_CONFIG_H=1 -I.  -I. -I.   -Iintl -I./intl  -Wall -pedantic -Wno-long-long -g -O2 -MT color.o -MD -MP -MF .deps/color.Tpo -c -o color.o color.c
mv -f .deps/color.Tpo .deps/color.Po
gcc -DPKGDATADIR=\"/usr/local/share/mutt\" -DSYSCONFDIR=\"/usr/local/etc\" -DBINDIR=\"/usr/local/bin\" -DMUTTLOCALEDIR=\"/usr/local/share/locale\" -DHAVE_CONFIG_H=1 -I.  -I. -I.   -Iintl -I./intl  -Wall -pedantic -Wno-long-long -g -O2 -MT crypt.o -MD -MP -MF .deps/crypt.Tpo -c -o crypt.o crypt.c
mv -f .deps/crypt.Tpo .deps/crypt.Po
gcc -DPKGDATADIR=\"/usr/local/share/mutt\" -DSYSCONFDIR=\"/usr/local/etc\" -DBINDIR=\"/usr/local/bin\" -DMUTTLOCALEDIR=\"/usr/local/share/locale\" -DHAVE_CONFIG_H=1 -I.  -I. -I.   -Iintl -I./intl  -Wall -pedantic -Wno-long-long -g -O2 -MT cryptglue.o -MD -MP -MF .deps/cryptglue.Tpo -c -o cryptglue.o cryptglue.c
mv -f .deps/cryptglue.Tpo .deps/cryptglue.Po
gcc -DPKGDATADIR=\"/usr/local/share/mutt\" -DSYSCONFDIR=\"/usr/local/etc\" -DBINDIR=\"/usr/local/bin\" -DMUTTLOCALEDIR=\"/usr/local/share/locale\" -DHAVE_CONFIG_H=1 -I.  -I. -I.   -Iintl -I./intl  -Wall -pedantic -Wno-long-long -g -O2 -MT commands.o -MD -MP -MF .deps/commands.Tpo -c -o commands.o commands.c
mv -f .deps/commands.Tpo .deps/commands.Po
gcc -DPKGDATADIR=\"/usr/local/share/mutt\" -DSYSCONFDIR=\"/usr/local/etc\" -DBINDIR=\"/usr/local/bin\" -DMUTTLOCALEDIR=\"/usr/local/share/locale\" -DHAVE_CONFIG_H=1 -I.  -I. -I.   -Iintl -I./intl  -Wall -pedantic -Wno-long-long -g -O2 -MT complete.o -MD -MP -MF .deps/complete.Tpo -c -o complete.o complete.c
mv -f .deps/complete.Tpo .deps/complete.Po
gcc -DPKGDATADIR=\"/usr/local/share/mutt\" -DSYSCONFDIR=\"/usr/local/etc\" -DBINDIR=\"/usr/local/bin\" -DMUTTLOCALEDIR=\"/usr/local/share/locale\" -DHAVE_CONFIG_H=1 -I.  -I. -I.   -Iintl -I./intl  -Wall -pedantic -Wno-long-long -g -O2 -MT compose.o -MD -MP -MF .deps/compose.Tpo -c -o compose.o compose.c
compose.c:76:0: warning: "W" redefined
compose.c:75:0: note: this is the location of the previous definition
mv -f .deps/compose.Tpo .deps/compose.Po
gcc -DPKGDATADIR=\"/usr/local/share/mutt\" -DSYSCONFDIR=\"/usr/local/etc\" -DBINDIR=\"/usr/local/bin\" -DMUTTLOCALEDIR=\"/usr/local/share/locale\" -DHAVE_CONFIG_H=1 -I.  -I. -I.   -Iintl -I./intl  -Wall -pedantic -Wno-long-long -g -O2 -MT copy.o -MD -MP -MF .deps/copy.Tpo -c -o copy.o copy.c
mv -f .deps/copy.Tpo .deps/copy.Po
gcc -DPKGDATADIR=\"/usr/local/share/mutt\" -DSYSCONFDIR=\"/usr/local/etc\" -DBINDIR=\"/usr/local/bin\" -DMUTTLOCALEDIR=\"/usr/local/share/locale\" -DHAVE_CONFIG_H=1 -I.  -I. -I.   -Iintl -I./intl  -Wall -pedantic -Wno-long-long -g -O2 -MT curs_lib.o -MD -MP -MF .deps/curs_lib.Tpo -c -o curs_lib.o curs_lib.c
mv -f .deps/curs_lib.Tpo .deps/curs_lib.Po
gcc -DPKGDATADIR=\"/usr/local/share/mutt\" -DSYSCONFDIR=\"/usr/local/etc\" -DBINDIR=\"/usr/local/bin\" -DMUTTLOCALEDIR=\"/usr/local/share/locale\" -DHAVE_CONFIG_H=1 -I.  -I. -I.   -Iintl -I./intl  -Wall -pedantic -Wno-long-long -g -O2 -MT curs_main.o -MD -MP -MF .deps/curs_main.Tpo -c -o curs_main.o curs_main.c
mv -f .deps/curs_main.Tpo .deps/curs_main.Po
gcc -DPKGDATADIR=\"/usr/local/share/mutt\" -DSYSCONFDIR=\"/usr/local/etc\" -DBINDIR=\"/usr/local/bin\" -DMUTTLOCALEDIR=\"/usr/local/share/locale\" -DHAVE_CONFIG_H=1 -I.  -I. -I.   -Iintl -I./intl  -Wall -pedantic -Wno-long-long -g -O2 -MT date.o -MD -MP -MF .deps/date.Tpo -c -o date.o date.c
mv -f .deps/date.Tpo .deps/date.Po
gcc -DPKGDATADIR=\"/usr/local/share/mutt\" -DSYSCONFDIR=\"/usr/local/etc\" -DBINDIR=\"/usr/local/bin\" -DMUTTLOCALEDIR=\"/usr/local/share/locale\" -DHAVE_CONFIG_H=1 -I.  -I. -I.   -Iintl -I./intl  -Wall -pedantic -Wno-long-long -g -O2 -MT edit.o -MD -MP -MF .deps/edit.Tpo -c -o edit.o edit.c
mv -f .deps/edit.Tpo .deps/edit.Po
gcc -DPKGDATADIR=\"/usr/local/share/mutt\" -DSYSCONFDIR=\"/usr/local/etc\" -DBINDIR=\"/usr/local/bin\" -DMUTTLOCALEDIR=\"/usr/local/share/locale\" -DHAVE_CONFIG_H=1 -I.  -I. -I.   -Iintl -I./intl  -Wall -pedantic -Wno-long-long -g -O2 -MT enter.o -MD -MP -MF .deps/enter.Tpo -c -o enter.o enter.c
enter.c: In function ‘my_wcstombs’:
enter.c:97:13: warning: ignoring return value of ‘wcrtomb’, declared with attribute warn_unused_result
mv -f .deps/enter.Tpo .deps/enter.Po
gcc -DPKGDATADIR=\"/usr/local/share/mutt\" -DSYSCONFDIR=\"/usr/local/etc\" -DBINDIR=\"/usr/local/bin\" -DMUTTLOCALEDIR=\"/usr/local/share/locale\" -DHAVE_CONFIG_H=1 -I.  -I. -I.   -Iintl -I./intl  -Wall -pedantic -Wno-long-long -g -O2 -MT flags.o -MD -MP -MF .deps/flags.Tpo -c -o flags.o flags.c
mv -f .deps/flags.Tpo .deps/flags.Po
gcc -DPKGDATADIR=\"/usr/local/share/mutt\" -DSYSCONFDIR=\"/usr/local/etc\" -DBINDIR=\"/usr/local/bin\" -DMUTTLOCALEDIR=\"/usr/local/share/locale\" -DHAVE_CONFIG_H=1 -I.  -I. -I.   -Iintl -I./intl  -Wall -pedantic -Wno-long-long -g -O2 -MT init.o -MD -MP -MF .deps/init.Tpo -c -o init.o init.c
In file included from init.c:43:0:
init.h:1984:3: warning: initialization makes integer from pointer without a cast
mv -f .deps/init.Tpo .deps/init.Po
gcc -DPKGDATADIR=\"/usr/local/share/mutt\" -DSYSCONFDIR=\"/usr/local/etc\" -DBINDIR=\"/usr/local/bin\" -DMUTTLOCALEDIR=\"/usr/local/share/locale\" -DHAVE_CONFIG_H=1 -I.  -I. -I.   -Iintl -I./intl  -Wall -pedantic -Wno-long-long -g -O2 -MT filter.o -MD -MP -MF .deps/filter.Tpo -c -o filter.o filter.c
mv -f .deps/filter.Tpo .deps/filter.Po
gcc -DPKGDATADIR=\"/usr/local/share/mutt\" -DSYSCONFDIR=\"/usr/local/etc\" -DBINDIR=\"/usr/local/bin\" -DMUTTLOCALEDIR=\"/usr/local/share/locale\" -DHAVE_CONFIG_H=1 -I.  -I. -I.   -Iintl -I./intl  -Wall -pedantic -Wno-long-long -g -O2 -MT from.o -MD -MP -MF .deps/from.Tpo -c -o from.o from.c
mv -f .deps/from.Tpo .deps/from.Po
gcc -DPKGDATADIR=\"/usr/local/share/mutt\" -DSYSCONFDIR=\"/usr/local/etc\" -DBINDIR=\"/usr/local/bin\" -DMUTTLOCALEDIR=\"/usr/local/share/locale\" -DHAVE_CONFIG_H=1 -I.  -I. -I.   -Iintl -I./intl  -Wall -pedantic -Wno-long-long -g -O2 -MT getdomain.o -MD -MP -MF .deps/getdomain.Tpo -c -o getdomain.o getdomain.c
mv -f .deps/getdomain.Tpo .deps/getdomain.Po
gcc -DPKGDATADIR=\"/usr/local/share/mutt\" -DSYSCONFDIR=\"/usr/local/etc\" -DBINDIR=\"/usr/local/bin\" -DMUTTLOCALEDIR=\"/usr/local/share/locale\" -DHAVE_CONFIG_H=1 -I.  -I. -I.   -Iintl -I./intl  -Wall -pedantic -Wno-long-long -g -O2 -MT group.o -MD -MP -MF .deps/group.Tpo -c -o group.o group.c
mv -f .deps/group.Tpo .deps/group.Po
gcc -DPKGDATADIR=\"/usr/local/share/mutt\" -DSYSCONFDIR=\"/usr/local/etc\" -DBINDIR=\"/usr/local/bin\" -DMUTTLOCALEDIR=\"/usr/local/share/locale\" -DHAVE_CONFIG_H=1 -I.  -I. -I.   -Iintl -I./intl  -Wall -pedantic -Wno-long-long -g -O2 -MT handler.o -MD -MP -MF .deps/handler.Tpo -c -o handler.o handler.c
handler.c: In function ‘state_prefix_put’:
handler.c:74:12: warning: ignoring return value of ‘fwrite’, declared with attribute warn_unused_result
mv -f .deps/handler.Tpo .deps/handler.Po
gcc -DPKGDATADIR=\"/usr/local/share/mutt\" -DSYSCONFDIR=\"/usr/local/etc\" -DBINDIR=\"/usr/local/bin\" -DMUTTLOCALEDIR=\"/usr/local/share/locale\" -DHAVE_CONFIG_H=1 -I.  -I. -I.   -Iintl -I./intl  -Wall -pedantic -Wno-long-long -g -O2 -MT hash.o -MD -MP -MF .deps/hash.Tpo -c -o hash.o hash.c
mv -f .deps/hash.Tpo .deps/hash.Po
gcc -DPKGDATADIR=\"/usr/local/share/mutt\" -DSYSCONFDIR=\"/usr/local/etc\" -DBINDIR=\"/usr/local/bin\" -DMUTTLOCALEDIR=\"/usr/local/share/locale\" -DHAVE_CONFIG_H=1 -I.  -I. -I.   -Iintl -I./intl  -Wall -pedantic -Wno-long-long -g -O2 -MT hdrline.o -MD -MP -MF .deps/hdrline.Tpo -c -o hdrline.o hdrline.c
mv -f .deps/hdrline.Tpo .deps/hdrline.Po
gcc -DPKGDATADIR=\"/usr/local/share/mutt\" -DSYSCONFDIR=\"/usr/local/etc\" -DBINDIR=\"/usr/local/bin\" -DMUTTLOCALEDIR=\"/usr/local/share/locale\" -DHAVE_CONFIG_H=1 -I.  -I. -I.   -Iintl -I./intl  -Wall -pedantic -Wno-long-long -g -O2 -MT headers.o -MD -MP -MF .deps/headers.Tpo -c -o headers.o headers.c
headers.c: In function ‘mutt_edit_headers’:
headers.c:108:12: warning: ignoring return value of ‘fwrite’, declared with attribute warn_unused_result
mv -f .deps/headers.Tpo .deps/headers.Po
gcc -DPKGDATADIR=\"/usr/local/share/mutt\" -DSYSCONFDIR=\"/usr/local/etc\" -DBINDIR=\"/usr/local/bin\" -DMUTTLOCALEDIR=\"/usr/local/share/locale\" -DHAVE_CONFIG_H=1 -I.  -I. -I.   -Iintl -I./intl  -Wall -pedantic -Wno-long-long -g -O2 -MT help.o -MD -MP -MF .deps/help.Tpo -c -o help.o help.c
mv -f .deps/help.Tpo .deps/help.Po
gcc -DPKGDATADIR=\"/usr/local/share/mutt\" -DSYSCONFDIR=\"/usr/local/etc\" -DBINDIR=\"/usr/local/bin\" -DMUTTLOCALEDIR=\"/usr/local/share/locale\" -DHAVE_CONFIG_H=1 -I.  -I. -I.   -Iintl -I./intl  -Wall -pedantic -Wno-long-long -g -O2 -MT hook.o -MD -MP -MF .deps/hook.Tpo -c -o hook.o hook.c
mv -f .deps/hook.Tpo .deps/hook.Po
gcc -DPKGDATADIR=\"/usr/local/share/mutt\" -DSYSCONFDIR=\"/usr/local/etc\" -DBINDIR=\"/usr/local/bin\" -DMUTTLOCALEDIR=\"/usr/local/share/locale\" -DHAVE_CONFIG_H=1 -I.  -I. -I.   -Iintl -I./intl  -Wall -pedantic -Wno-long-long -g -O2 -MT keymap.o -MD -MP -MF .deps/keymap.Tpo -c -o keymap.o keymap.c
keymap.c: In function ‘km_dokey’:
keymap.c:459:3: warning: label ‘gotkey’ defined but not used
mv -f .deps/keymap.Tpo .deps/keymap.Po
gcc -DPKGDATADIR=\"/usr/local/share/mutt\" -DSYSCONFDIR=\"/usr/local/etc\" -DBINDIR=\"/usr/local/bin\" -DMUTTLOCALEDIR=\"/usr/local/share/locale\" -DHAVE_CONFIG_H=1 -I.  -I. -I.   -Iintl -I./intl  -Wall -pedantic -Wno-long-long -g -O2 -MT main.o -MD -MP -MF .deps/main.Tpo -c -o main.o main.c
main.c:73:1: warning: string length ‘558’ is greater than the length ‘509’ ISO C90 compilers are required to support
mv -f .deps/main.Tpo .deps/main.Po
gcc -DPKGDATADIR=\"/usr/local/share/mutt\" -DSYSCONFDIR=\"/usr/local/etc\" -DBINDIR=\"/usr/local/bin\" -DMUTTLOCALEDIR=\"/usr/local/share/locale\" -DHAVE_CONFIG_H=1 -I.  -I. -I.   -Iintl -I./intl  -Wall -pedantic -Wno-long-long -g -O2 -MT mbox.o -MD -MP -MF .deps/mbox.Tpo -c -o mbox.o mbox.c
mbox.c: In function ‘mbox_sync_mailbox’:
mbox.c:973:17: warning: ignoring return value of ‘ftruncate’, declared with attribute warn_unused_result
mv -f .deps/mbox.Tpo .deps/mbox.Po
gcc -DPKGDATADIR=\"/usr/local/share/mutt\" -DSYSCONFDIR=\"/usr/local/etc\" -DBINDIR=\"/usr/local/bin\" -DMUTTLOCALEDIR=\"/usr/local/share/locale\" -DHAVE_CONFIG_H=1 -I.  -I. -I.   -Iintl -I./intl  -Wall -pedantic -Wno-long-long -g -O2 -MT menu.o -MD -MP -MF .deps/menu.Tpo -c -o menu.o menu.c
mv -f .deps/menu.Tpo .deps/menu.Po
gcc -DPKGDATADIR=\"/usr/local/share/mutt\" -DSYSCONFDIR=\"/usr/local/etc\" -DBINDIR=\"/usr/local/bin\" -DMUTTLOCALEDIR=\"/usr/local/share/locale\" -DHAVE_CONFIG_H=1 -I.  -I. -I.   -Iintl -I./intl  -Wall -pedantic -Wno-long-long -g -O2 -MT mh.o -MD -MP -MF .deps/mh.Tpo -c -o mh.o mh.c
mh.c: In function ‘maildir_commit_message’:
mh.c:1415:2: warning: implicit declaration of function ‘nm_update_filename’
mv -f .deps/mh.Tpo .deps/mh.Po
gcc -DPKGDATADIR=\"/usr/local/share/mutt\" -DSYSCONFDIR=\"/usr/local/etc\" -DBINDIR=\"/usr/local/bin\" -DMUTTLOCALEDIR=\"/usr/local/share/locale\" -DHAVE_CONFIG_H=1 -I.  -I. -I.   -Iintl -I./intl  -Wall -pedantic -Wno-long-long -g -O2 -MT mx.o -MD -MP -MF .deps/mx.Tpo -c -o mx.o mx.c
mx.c: In function ‘mx_get_magic’:
mx.c:423:11: warning: ignoring return value of ‘fgets’, declared with attribute warn_unused_result
mv -f .deps/mx.Tpo .deps/mx.Po
gcc -DPKGDATADIR=\"/usr/local/share/mutt\" -DSYSCONFDIR=\"/usr/local/etc\" -DBINDIR=\"/usr/local/bin\" -DMUTTLOCALEDIR=\"/usr/local/share/locale\" -DHAVE_CONFIG_H=1 -I.  -I. -I.   -Iintl -I./intl  -Wall -pedantic -Wno-long-long -g -O2 -MT pager.o -MD -MP -MF .deps/pager.Tpo -c -o pager.o pager.c
mv -f .deps/pager.Tpo .deps/pager.Po
gcc -DPKGDATADIR=\"/usr/local/share/mutt\" -DSYSCONFDIR=\"/usr/local/etc\" -DBINDIR=\"/usr/local/bin\" -DMUTTLOCALEDIR=\"/usr/local/share/locale\" -DHAVE_CONFIG_H=1 -I.  -I. -I.   -Iintl -I./intl  -Wall -pedantic -Wno-long-long -g -O2 -MT parse.o -MD -MP -MF .deps/parse.Tpo -c -o parse.o parse.c
mv -f .deps/parse.Tpo .deps/parse.Po
gcc -DPKGDATADIR=\"/usr/local/share/mutt\" -DSYSCONFDIR=\"/usr/local/etc\" -DBINDIR=\"/usr/local/bin\" -DMUTTLOCALEDIR=\"/usr/local/share/locale\" -DHAVE_CONFIG_H=1 -I.  -I. -I.   -Iintl -I./intl  -Wall -pedantic -Wno-long-long -g -O2 -MT pattern.o -MD -MP -MF .deps/pattern.Tpo -c -o pattern.o pattern.c
mv -f .deps/pattern.Tpo .deps/pattern.Po
gcc -DPKGDATADIR=\"/usr/local/share/mutt\" -DSYSCONFDIR=\"/usr/local/etc\" -DBINDIR=\"/usr/local/bin\" -DMUTTLOCALEDIR=\"/usr/local/share/locale\" -DHAVE_CONFIG_H=1 -I.  -I. -I.   -Iintl -I./intl  -Wall -pedantic -Wno-long-long -g -O2 -MT postpone.o -MD -MP -MF .deps/postpone.Tpo -c -o postpone.o postpone.c
mv -f .deps/postpone.Tpo .deps/postpone.Po
gcc -DPKGDATADIR=\"/usr/local/share/mutt\" -DSYSCONFDIR=\"/usr/local/etc\" -DBINDIR=\"/usr/local/bin\" -DMUTTLOCALEDIR=\"/usr/local/share/locale\" -DHAVE_CONFIG_H=1 -I.  -I. -I.   -Iintl -I./intl  -Wall -pedantic -Wno-long-long -g -O2 -MT query.o -MD -MP -MF .deps/query.Tpo -c -o query.o query.c
query.c: In function ‘run_query’:
query.c:96:9: warning: ignoring return value of ‘fgets’, declared with attribute warn_unused_result
mv -f .deps/query.Tpo .deps/query.Po
gcc -DPKGDATADIR=\"/usr/local/share/mutt\" -DSYSCONFDIR=\"/usr/local/etc\" -DBINDIR=\"/usr/local/bin\" -DMUTTLOCALEDIR=\"/usr/local/share/locale\" -DHAVE_CONFIG_H=1 -I.  -I. -I.   -Iintl -I./intl  -Wall -pedantic -Wno-long-long -g -O2 -MT recvattach.o -MD -MP -MF .deps/recvattach.Tpo -c -o recvattach.o recvattach.c
mv -f .deps/recvattach.Tpo .deps/recvattach.Po
gcc -DPKGDATADIR=\"/usr/local/share/mutt\" -DSYSCONFDIR=\"/usr/local/etc\" -DBINDIR=\"/usr/local/bin\" -DMUTTLOCALEDIR=\"/usr/local/share/locale\" -DHAVE_CONFIG_H=1 -I.  -I. -I.   -Iintl -I./intl  -Wall -pedantic -Wno-long-long -g -O2 -MT recvcmd.o -MD -MP -MF .deps/recvcmd.Tpo -c -o recvcmd.o recvcmd.c
mv -f .deps/recvcmd.Tpo .deps/recvcmd.Po
gcc -DPKGDATADIR=\"/usr/local/share/mutt\" -DSYSCONFDIR=\"/usr/local/etc\" -DBINDIR=\"/usr/local/bin\" -DMUTTLOCALEDIR=\"/usr/local/share/locale\" -DHAVE_CONFIG_H=1 -I.  -I. -I.   -Iintl -I./intl  -Wall -pedantic -Wno-long-long -g -O2 -MT rfc822.o -MD -MP -MF .deps/rfc822.Tpo -c -o rfc822.o rfc822.c
mv -f .deps/rfc822.Tpo .deps/rfc822.Po
gcc -DPKGDATADIR=\"/usr/local/share/mutt\" -DSYSCONFDIR=\"/usr/local/etc\" -DBINDIR=\"/usr/local/bin\" -DMUTTLOCALEDIR=\"/usr/local/share/locale\" -DHAVE_CONFIG_H=1 -I.  -I. -I.   -Iintl -I./intl  -Wall -pedantic -Wno-long-long -g -O2 -MT rfc1524.o -MD -MP -MF .deps/rfc1524.Tpo -c -o rfc1524.o rfc1524.c
mv -f .deps/rfc1524.Tpo .deps/rfc1524.Po
gcc -DPKGDATADIR=\"/usr/local/share/mutt\" -DSYSCONFDIR=\"/usr/local/etc\" -DBINDIR=\"/usr/local/bin\" -DMUTTLOCALEDIR=\"/usr/local/share/locale\" -DHAVE_CONFIG_H=1 -I.  -I. -I.   -Iintl -I./intl  -Wall -pedantic -Wno-long-long -g -O2 -MT rfc2047.o -MD -MP -MF .deps/rfc2047.Tpo -c -o rfc2047.o rfc2047.c
mv -f .deps/rfc2047.Tpo .deps/rfc2047.Po
gcc -DPKGDATADIR=\"/usr/local/share/mutt\" -DSYSCONFDIR=\"/usr/local/etc\" -DBINDIR=\"/usr/local/bin\" -DMUTTLOCALEDIR=\"/usr/local/share/locale\" -DHAVE_CONFIG_H=1 -I.  -I. -I.   -Iintl -I./intl  -Wall -pedantic -Wno-long-long -g -O2 -MT rfc2231.o -MD -MP -MF .deps/rfc2231.Tpo -c -o rfc2231.o rfc2231.c
mv -f .deps/rfc2231.Tpo .deps/rfc2231.Po
gcc -DPKGDATADIR=\"/usr/local/share/mutt\" -DSYSCONFDIR=\"/usr/local/etc\" -DBINDIR=\"/usr/local/bin\" -DMUTTLOCALEDIR=\"/usr/local/share/locale\" -DHAVE_CONFIG_H=1 -I.  -I. -I.   -Iintl -I./intl  -Wall -pedantic -Wno-long-long -g -O2 -MT rfc3676.o -MD -MP -MF .deps/rfc3676.Tpo -c -o rfc3676.o rfc3676.c
mv -f .deps/rfc3676.Tpo .deps/rfc3676.Po
gcc -DPKGDATADIR=\"/usr/local/share/mutt\" -DSYSCONFDIR=\"/usr/local/etc\" -DBINDIR=\"/usr/local/bin\" -DMUTTLOCALEDIR=\"/usr/local/share/locale\" -DHAVE_CONFIG_H=1 -I.  -I. -I.   -Iintl -I./intl  -Wall -pedantic -Wno-long-long -g -O2 -MT score.o -MD -MP -MF .deps/score.Tpo -c -o score.o score.c
mv -f .deps/score.Tpo .deps/score.Po
gcc -DPKGDATADIR=\"/usr/local/share/mutt\" -DSYSCONFDIR=\"/usr/local/etc\" -DBINDIR=\"/usr/local/bin\" -DMUTTLOCALEDIR=\"/usr/local/share/locale\" -DHAVE_CONFIG_H=1 -I.  -I. -I.   -Iintl -I./intl  -Wall -pedantic -Wno-long-long -g -O2 -MT send.o -MD -MP -MF .deps/send.Tpo -c -o send.o send.c
mv -f .deps/send.Tpo .deps/send.Po
gcc -DPKGDATADIR=\"/usr/local/share/mutt\" -DSYSCONFDIR=\"/usr/local/etc\" -DBINDIR=\"/usr/local/bin\" -DMUTTLOCALEDIR=\"/usr/local/share/locale\" -DHAVE_CONFIG_H=1 -I.  -I. -I.   -Iintl -I./intl  -Wall -pedantic -Wno-long-long -g -O2 -MT sendlib.o -MD -MP -MF .deps/sendlib.Tpo -c -o sendlib.o sendlib.c
mv -f .deps/sendlib.Tpo .deps/sendlib.Po
gcc -DPKGDATADIR=\"/usr/local/share/mutt\" -DSYSCONFDIR=\"/usr/local/etc\" -DBINDIR=\"/usr/local/bin\" -DMUTTLOCALEDIR=\"/usr/local/share/locale\" -DHAVE_CONFIG_H=1 -I.  -I. -I.   -Iintl -I./intl  -Wall -pedantic -Wno-long-long -g -O2 -MT signal.o -MD -MP -MF .deps/signal.Tpo -c -o signal.o signal.c
mv -f .deps/signal.Tpo .deps/signal.Po
gcc -DPKGDATADIR=\"/usr/local/share/mutt\" -DSYSCONFDIR=\"/usr/local/etc\" -DBINDIR=\"/usr/local/bin\" -DMUTTLOCALEDIR=\"/usr/local/share/locale\" -DHAVE_CONFIG_H=1 -I.  -I. -I.   -Iintl -I./intl  -Wall -pedantic -Wno-long-long -g -O2 -MT sort.o -MD -MP -MF .deps/sort.Tpo -c -o sort.o sort.c
mv -f .deps/sort.Tpo .deps/sort.Po
gcc -DPKGDATADIR=\"/usr/local/share/mutt\" -DSYSCONFDIR=\"/usr/local/etc\" -DBINDIR=\"/usr/local/bin\" -DMUTTLOCALEDIR=\"/usr/local/share/locale\" -DHAVE_CONFIG_H=1 -I.  -I. -I.   -Iintl -I./intl  -Wall -pedantic -Wno-long-long -g -O2 -MT status.o -MD -MP -MF .deps/status.Tpo -c -o status.o status.c
mv -f .deps/status.Tpo .deps/status.Po
gcc -DPKGDATADIR=\"/usr/local/share/mutt\" -DSYSCONFDIR=\"/usr/local/etc\" -DBINDIR=\"/usr/local/bin\" -DMUTTLOCALEDIR=\"/usr/local/share/locale\" -DHAVE_CONFIG_H=1 -I.  -I. -I.   -Iintl -I./intl  -Wall -pedantic -Wno-long-long -g -O2 -MT system.o -MD -MP -MF .deps/system.Tpo -c -o system.o system.c
system.c: In function ‘_mutt_system’:
system.c:95:10: warning: ignoring return value of ‘chdir’, declared with attribute warn_unused_result
mv -f .deps/system.Tpo .deps/system.Po
gcc -DPKGDATADIR=\"/usr/local/share/mutt\" -DSYSCONFDIR=\"/usr/local/etc\" -DBINDIR=\"/usr/local/bin\" -DMUTTLOCALEDIR=\"/usr/local/share/locale\" -DHAVE_CONFIG_H=1 -I.  -I. -I.   -Iintl -I./intl  -Wall -pedantic -Wno-long-long -g -O2 -MT thread.o -MD -MP -MF .deps/thread.Tpo -c -o thread.o thread.c
mv -f .deps/thread.Tpo .deps/thread.Po
gcc -DPKGDATADIR=\"/usr/local/share/mutt\" -DSYSCONFDIR=\"/usr/local/etc\" -DBINDIR=\"/usr/local/bin\" -DMUTTLOCALEDIR=\"/usr/local/share/locale\" -DHAVE_CONFIG_H=1 -I.  -I. -I.   -Iintl -I./intl  -Wall -pedantic -Wno-long-long -g -O2 -MT charset.o -MD -MP -MF .deps/charset.Tpo -c -o charset.o charset.c
charset.c:53:1: warning: duplicate ‘const’
mv -f .deps/charset.Tpo .deps/charset.Po
gcc -DPKGDATADIR=\"/usr/local/share/mutt\" -DSYSCONFDIR=\"/usr/local/etc\" -DBINDIR=\"/usr/local/bin\" -DMUTTLOCALEDIR=\"/usr/local/share/locale\" -DHAVE_CONFIG_H=1 -I.  -I. -I.   -Iintl -I./intl  -Wall -pedantic -Wno-long-long -g -O2 -MT history.o -MD -MP -MF .deps/history.Tpo -c -o history.o history.c
mv -f .deps/history.Tpo .deps/history.Po
gcc -DPKGDATADIR=\"/usr/local/share/mutt\" -DSYSCONFDIR=\"/usr/local/etc\" -DBINDIR=\"/usr/local/bin\" -DMUTTLOCALEDIR=\"/usr/local/share/locale\" -DHAVE_CONFIG_H=1 -I.  -I. -I.   -Iintl -I./intl  -Wall -pedantic -Wno-long-long -g -O2 -MT lib.o -MD -MP -MF .deps/lib.Tpo -c -o lib.o lib.c
lib.c: In function ‘mutt_mkwrapdir’:
lib.c:569:12: warning: ignoring return value of ‘mktemp’, declared with attribute warn_unused_result
lib.c: In function ‘mutt_unlink’:
lib.c:344:9: warning: ignoring return value of ‘fwrite’, declared with attribute warn_unused_result
mv -f .deps/lib.Tpo .deps/lib.Po
gcc -DPKGDATADIR=\"/usr/local/share/mutt\" -DSYSCONFDIR=\"/usr/local/etc\" -DBINDIR=\"/usr/local/bin\" -DMUTTLOCALEDIR=\"/usr/local/share/locale\" -DHAVE_CONFIG_H=1 -I.  -I. -I.   -Iintl -I./intl  -Wall -pedantic -Wno-long-long -g -O2 -MT sidebar.o -MD -MP -MF .deps/sidebar.Tpo -c -o sidebar.o sidebar.c
mv -f .deps/sidebar.Tpo .deps/sidebar.Po
gcc -DPKGDATADIR=\"/usr/local/share/mutt\" -DSYSCONFDIR=\"/usr/local/etc\" -DBINDIR=\"/usr/local/bin\" -DMUTTLOCALEDIR=\"/usr/local/share/locale\" -DHAVE_CONFIG_H=1 -I.  -I. -I.   -Iintl -I./intl  -Wall -pedantic -Wno-long-long -g -O2 -MT muttlib.o -MD -MP -MF .deps/muttlib.Tpo -c -o muttlib.o muttlib.c
muttlib.c: In function ‘mutt_adv_mktemp’:
muttlib.c:82:12: warning: ignoring return value of ‘mktemp’, declared with attribute warn_unused_result
muttlib.c:94:12: warning: ignoring return value of ‘mktemp’, declared with attribute warn_unused_result
mv -f .deps/muttlib.Tpo .deps/muttlib.Po
gcc -DPKGDATADIR=\"/usr/local/share/mutt\" -DSYSCONFDIR=\"/usr/local/etc\" -DBINDIR=\"/usr/local/bin\" -DMUTTLOCALEDIR=\"/usr/local/share/locale\" -DHAVE_CONFIG_H=1 -I.  -I. -I.   -Iintl -I./intl  -Wall -pedantic -Wno-long-long -g -O2 -MT editmsg.o -MD -MP -MF .deps/editmsg.Tpo -c -o editmsg.o editmsg.c
mv -f .deps/editmsg.Tpo .deps/editmsg.Po
gcc -DPKGDATADIR=\"/usr/local/share/mutt\" -DSYSCONFDIR=\"/usr/local/etc\" -DBINDIR=\"/usr/local/bin\" -DMUTTLOCALEDIR=\"/usr/local/share/locale\" -DHAVE_CONFIG_H=1 -I.  -I. -I.   -Iintl -I./intl  -Wall -pedantic -Wno-long-long -g -O2 -MT mbyte.o -MD -MP -MF .deps/mbyte.Tpo -c -o mbyte.o mbyte.c
mv -f .deps/mbyte.Tpo .deps/mbyte.Po
gcc -DPKGDATADIR=\"/usr/local/share/mutt\" -DSYSCONFDIR=\"/usr/local/etc\" -DBINDIR=\"/usr/local/bin\" -DMUTTLOCALEDIR=\"/usr/local/share/locale\" -DHAVE_CONFIG_H=1 -I.  -I. -I.   -Iintl -I./intl  -Wall -pedantic -Wno-long-long -g -O2 -MT url.o -MD -MP -MF .deps/url.Tpo -c -o url.o url.c
mv -f .deps/url.Tpo .deps/url.Po
gcc -DPKGDATADIR=\"/usr/local/share/mutt\" -DSYSCONFDIR=\"/usr/local/etc\" -DBINDIR=\"/usr/local/bin\" -DMUTTLOCALEDIR=\"/usr/local/share/locale\" -DHAVE_CONFIG_H=1 -I.  -I. -I.   -Iintl -I./intl  -Wall -pedantic -Wno-long-long -g -O2 -MT ascii.o -MD -MP -MF .deps/ascii.Tpo -c -o ascii.o ascii.c
mv -f .deps/ascii.Tpo .deps/ascii.Po
gcc -DPKGDATADIR=\"/usr/local/share/mutt\" -DSYSCONFDIR=\"/usr/local/etc\" -DBINDIR=\"/usr/local/bin\" -DMUTTLOCALEDIR=\"/usr/local/share/locale\" -DHAVE_CONFIG_H=1 -I.  -I. -I.   -Iintl -I./intl  -Wall -pedantic -Wno-long-long -g -O2 -MT crypt-mod.o -MD -MP -MF .deps/crypt-mod.Tpo -c -o crypt-mod.o crypt-mod.c
mv -f .deps/crypt-mod.Tpo .deps/crypt-mod.Po
gcc -DPKGDATADIR=\"/usr/local/share/mutt\" -DSYSCONFDIR=\"/usr/local/etc\" -DBINDIR=\"/usr/local/bin\" -DMUTTLOCALEDIR=\"/usr/local/share/locale\" -DHAVE_CONFIG_H=1 -I.  -I. -I.   -Iintl -I./intl  -Wall -pedantic -Wno-long-long -g -O2 -MT safe_asprintf.o -MD -MP -MF .deps/safe_asprintf.Tpo -c -o safe_asprintf.o safe_asprintf.c
mv -f .deps/safe_asprintf.Tpo .deps/safe_asprintf.Po
gcc -DPKGDATADIR=\"/usr/local/share/mutt\" -DSYSCONFDIR=\"/usr/local/etc\" -DBINDIR=\"/usr/local/bin\" -DMUTTLOCALEDIR=\"/usr/local/share/locale\" -DHAVE_CONFIG_H=1 -I.  -I. -I.   -Iintl -I./intl  -Wall -pedantic -Wno-long-long -g -O2 -MT mutt_notmuch.o -MD -MP -MF .deps/mutt_notmuch.Tpo -c -o mutt_notmuch.o mutt_notmuch.c
mv -f .deps/mutt_notmuch.Tpo .deps/mutt_notmuch.Po
gcc -DPKGDATADIR=\"/usr/local/share/mutt\" -DSYSCONFDIR=\"/usr/local/etc\" -DBINDIR=\"/usr/local/bin\" -DMUTTLOCALEDIR=\"/usr/local/share/locale\" -DHAVE_CONFIG_H=1 -I.  -I. -I.   -Iintl -I./intl  -Wall -pedantic -Wno-long-long -g -O2 -MT patchlist.o -MD -MP -MF .deps/patchlist.Tpo -c -o patchlist.o patchlist.c
mv -f .deps/patchlist.Tpo .deps/patchlist.Po
gcc -DPKGDATADIR=\"/usr/local/share/mutt\" -DSYSCONFDIR=\"/usr/local/etc\" -DBINDIR=\"/usr/local/bin\" -DMUTTLOCALEDIR=\"/usr/local/share/locale\" -DHAVE_CONFIG_H=1 -I.  -I. -I.   -Iintl -I./intl  -Wall -pedantic -Wno-long-long -g -O2 -MT pgp.o -MD -MP -MF .deps/pgp.Tpo -c -o pgp.o pgp.c
mv -f .deps/pgp.Tpo .deps/pgp.Po
gcc -DPKGDATADIR=\"/usr/local/share/mutt\" -DSYSCONFDIR=\"/usr/local/etc\" -DBINDIR=\"/usr/local/bin\" -DMUTTLOCALEDIR=\"/usr/local/share/locale\" -DHAVE_CONFIG_H=1 -I.  -I. -I.   -Iintl -I./intl  -Wall -pedantic -Wno-long-long -g -O2 -MT pgpinvoke.o -MD -MP -MF .deps/pgpinvoke.Tpo -c -o pgpinvoke.o pgpinvoke.c
mv -f .deps/pgpinvoke.Tpo .deps/pgpinvoke.Po
gcc -DPKGDATADIR=\"/usr/local/share/mutt\" -DSYSCONFDIR=\"/usr/local/etc\" -DBINDIR=\"/usr/local/bin\" -DMUTTLOCALEDIR=\"/usr/local/share/locale\" -DHAVE_CONFIG_H=1 -I.  -I. -I.   -Iintl -I./intl  -Wall -pedantic -Wno-long-long -g -O2 -MT pgpkey.o -MD -MP -MF .deps/pgpkey.Tpo -c -o pgpkey.o pgpkey.c
mv -f .deps/pgpkey.Tpo .deps/pgpkey.Po
gcc -DPKGDATADIR=\"/usr/local/share/mutt\" -DSYSCONFDIR=\"/usr/local/etc\" -DBINDIR=\"/usr/local/bin\" -DMUTTLOCALEDIR=\"/usr/local/share/locale\" -DHAVE_CONFIG_H=1 -I.  -I. -I.   -Iintl -I./intl  -Wall -pedantic -Wno-long-long -g -O2 -MT pgplib.o -MD -MP -MF .deps/pgplib.Tpo -c -o pgplib.o pgplib.c
mv -f .deps/pgplib.Tpo .deps/pgplib.Po
gcc -DPKGDATADIR=\"/usr/local/share/mutt\" -DSYSCONFDIR=\"/usr/local/etc\" -DBINDIR=\"/usr/local/bin\" -DMUTTLOCALEDIR=\"/usr/local/share/locale\" -DHAVE_CONFIG_H=1 -I.  -I. -I.   -Iintl -I./intl  -Wall -pedantic -Wno-long-long -g -O2 -MT gnupgparse.o -MD -MP -MF .deps/gnupgparse.Tpo -c -o gnupgparse.o gnupgparse.c
mv -f .deps/gnupgparse.Tpo .deps/gnupgparse.Po
gcc -DPKGDATADIR=\"/usr/local/share/mutt\" -DSYSCONFDIR=\"/usr/local/etc\" -DBINDIR=\"/usr/local/bin\" -DMUTTLOCALEDIR=\"/usr/local/share/locale\" -DHAVE_CONFIG_H=1 -I.  -I. -I.   -Iintl -I./intl  -Wall -pedantic -Wno-long-long -g -O2 -MT pgpmicalg.o -MD -MP -MF .deps/pgpmicalg.Tpo -c -o pgpmicalg.o pgpmicalg.c
mv -f .deps/pgpmicalg.Tpo .deps/pgpmicalg.Po
gcc -DPKGDATADIR=\"/usr/local/share/mutt\" -DSYSCONFDIR=\"/usr/local/etc\" -DBINDIR=\"/usr/local/bin\" -DMUTTLOCALEDIR=\"/usr/local/share/locale\" -DHAVE_CONFIG_H=1 -I.  -I. -I.   -Iintl -I./intl  -Wall -pedantic -Wno-long-long -g -O2 -MT pgppacket.o -MD -MP -MF .deps/pgppacket.Tpo -c -o pgppacket.o pgppacket.c
mv -f .deps/pgppacket.Tpo .deps/pgppacket.Po
gcc -DPKGDATADIR=\"/usr/local/share/mutt\" -DSYSCONFDIR=\"/usr/local/etc\" -DBINDIR=\"/usr/local/bin\" -DMUTTLOCALEDIR=\"/usr/local/share/locale\" -DHAVE_CONFIG_H=1 -I.  -I. -I.   -Iintl -I./intl  -Wall -pedantic -Wno-long-long -g -O2 -MT crypt-mod-pgp-classic.o -MD -MP -MF .deps/crypt-mod-pgp-classic.Tpo -c -o crypt-mod-pgp-classic.o crypt-mod-pgp-classic.c
mv -f .deps/crypt-mod-pgp-classic.Tpo .deps/crypt-mod-pgp-classic.Po
gcc -DPKGDATADIR=\"/usr/local/share/mutt\" -DSYSCONFDIR=\"/usr/local/etc\" -DBINDIR=\"/usr/local/bin\" -DMUTTLOCALEDIR=\"/usr/local/share/locale\" -DHAVE_CONFIG_H=1 -I.  -I. -I.   -Iintl -I./intl  -Wall -pedantic -Wno-long-long -g -O2 -MT smime.o -MD -MP -MF .deps/smime.Tpo -c -o smime.o smime.c
smime.c: In function ‘smime_ask_for_key’:
smime.c:395:18: warning: ignoring return value of ‘fscanf’, declared with attribute warn_unused_result
mv -f .deps/smime.Tpo .deps/smime.Po
gcc -DPKGDATADIR=\"/usr/local/share/mutt\" -DSYSCONFDIR=\"/usr/local/etc\" -DBINDIR=\"/usr/local/bin\" -DMUTTLOCALEDIR=\"/usr/local/share/locale\" -DHAVE_CONFIG_H=1 -I.  -I. -I.   -Iintl -I./intl  -Wall -pedantic -Wno-long-long -g -O2 -MT crypt-mod-smime-classic.o -MD -MP -MF .deps/crypt-mod-smime-classic.Tpo -c -o crypt-mod-smime-classic.o crypt-mod-smime-classic.c
mv -f .deps/crypt-mod-smime-classic.Tpo .deps/crypt-mod-smime-classic.Po
gcc -DPKGDATADIR=\"/usr/local/share/mutt\" -DSYSCONFDIR=\"/usr/local/etc\" -DBINDIR=\"/usr/local/bin\" -DMUTTLOCALEDIR=\"/usr/local/share/locale\" -DHAVE_CONFIG_H=1 -I.  -I. -I.   -Iintl -I./intl  -Wall -pedantic -Wno-long-long -g -O2 -MT resize.o -MD -MP -MF .deps/resize.Tpo -c -o resize.o resize.c
mv -f .deps/resize.Tpo .deps/resize.Po
gcc -DPKGDATADIR=\"/usr/local/share/mutt\" -DSYSCONFDIR=\"/usr/local/etc\" -DBINDIR=\"/usr/local/bin\" -DMUTTLOCALEDIR=\"/usr/local/share/locale\" -DHAVE_CONFIG_H=1 -I.  -I. -I.   -Iintl -I./intl  -Wall -pedantic -Wno-long-long -g -O2 -MT dotlock.o -MD -MP -MF .deps/dotlock.Tpo -c -o dotlock.o dotlock.c
dotlock.c: In function ‘dotlock_invoke’:
dotlock.c:240:10: warning: ignoring return value of ‘fchdir’, declared with attribute warn_unused_result
dotlock.c: In function ‘dotlock_lock’:
dotlock.c:631:10: warning: ignoring return value of ‘link’, declared with attribute warn_unused_result
mv -f .deps/dotlock.Tpo .deps/dotlock.Po
gcc  -Wall -pedantic -Wno-long-long -g -O2   -o mutt addrbook.o alias.o attach.o base64.o browser.o buffy.o color.o crypt.o cryptglue.o commands.o complete.o compose.o copy.o curs_lib.o curs_main.o date.o edit.o enter.o flags.o init.o filter.o from.o getdomain.o group.o handler.o hash.o hdrline.o headers.o help.o hook.o keymap.o main.o mbox.o menu.o mh.o mx.o pager.o parse.o pattern.o postpone.o query.o recvattach.o recvcmd.o rfc822.o rfc1524.o rfc2047.o rfc2231.o rfc3676.o score.o send.o sendlib.o signal.o sort.o status.o system.o thread.o charset.o history.o lib.o sidebar.o muttlib.o editmsg.o mbyte.o url.o ascii.o crypt-mod.o safe_asprintf.o mutt_notmuch.o patchlist.o  pgp.o pgpinvoke.o pgpkey.o pgplib.o gnupgparse.o pgpmicalg.o pgppacket.o crypt-mod-pgp-classic.o smime.o crypt-mod-smime-classic.o resize.o dotlock.o   -lncursesw    -lnotmuch -lnotmuch 
lib.o: In function `mutt_mkwrapdir':
/var/tmp/portage/mail-client/mutt-kz-0_pre20120724/work/mutt-kz-0_pre20120724/lib.c:569: warning: the use of `mktemp' is dangerous, better use `mkstemp'
gcc -DPKGDATADIR=\"/usr/local/share/mutt\" -DSYSCONFDIR=\"/usr/local/etc\" -DBINDIR=\"/usr/local/bin\" -DMUTTLOCALEDIR=\"/usr/local/share/locale\" -DHAVE_CONFIG_H=1 -I.  -I. -I.   -Iintl -I./intl  -Wall -pedantic -Wno-long-long -g -O2 -MT pgppubring.o -MD -MP -MF .deps/pgppubring.Tpo -c -o pgppubring.o pgppubring.c
mv -f .deps/pgppubring.Tpo .deps/pgppubring.Po
gcc -DPKGDATADIR=\"/usr/local/share/mutt\" -DSYSCONFDIR=\"/usr/local/etc\" -DBINDIR=\"/usr/local/bin\" -DMUTTLOCALEDIR=\"/usr/local/share/locale\" -DHAVE_CONFIG_H=1 -I.  -I. -I.   -Iintl -I./intl  -Wall -pedantic -Wno-long-long -g -O2 -MT extlib.o -MD -MP -MF .deps/extlib.Tpo -c -o extlib.o extlib.c
mv -f .deps/extlib.Tpo .deps/extlib.Po
gcc -DPKGDATADIR=\"/usr/local/share/mutt\" -DSYSCONFDIR=\"/usr/local/etc\" -DBINDIR=\"/usr/local/bin\" -DMUTTLOCALEDIR=\"/usr/local/share/locale\" -DHAVE_CONFIG_H=1 -I.  -I. -I.   -Iintl -I./intl  -Wall -pedantic -Wno-long-long -g -O2 -MT sha1.o -MD -MP -MF .deps/sha1.Tpo -c -o sha1.o sha1.c
mv -f .deps/sha1.Tpo .deps/sha1.Po
gcc -DPKGDATADIR=\"/usr/local/share/mutt\" -DSYSCONFDIR=\"/usr/local/etc\" -DBINDIR=\"/usr/local/bin\" -DMUTTLOCALEDIR=\"/usr/local/share/locale\" -DHAVE_CONFIG_H=1 -I.  -I. -I.   -Iintl -I./intl  -Wall -pedantic -Wno-long-long -g -O2 -MT md5.o -MD -MP -MF .deps/md5.Tpo -c -o md5.o md5.c
mv -f .deps/md5.Tpo .deps/md5.Po
gcc  -Wall -pedantic -Wno-long-long -g -O2   -o pgpring pgppubring.o pgplib.o lib.o extlib.o sha1.o md5.o pgppacket.o ascii.o   -lnotmuch 
lib.o: In function `mutt_mkwrapdir':
/var/tmp/portage/mail-client/mutt-kz-0_pre20120724/work/mutt-kz-0_pre20120724/lib.c:569: warning: the use of `mktemp' is dangerous, better use `mkstemp'
gcc -DPKGDATADIR=\"/usr/local/share/mutt\" -DSYSCONFDIR=\"/usr/local/etc\" -DBINDIR=\"/usr/local/bin\" -DMUTTLOCALEDIR=\"/usr/local/share/locale\" -DHAVE_CONFIG_H=1 -I.  -I. -I.   -Iintl -I./intl  -Wall -pedantic -Wno-long-long -g -O2 -MT pgpewrap.o -MD -MP -MF .deps/pgpewrap.Tpo -c -o pgpewrap.o pgpewrap.c
mv -f .deps/pgpewrap.Tpo .deps/pgpewrap.Po
gcc  -Wall -pedantic -Wno-long-long -g -O2   -o pgpewrap pgpewrap.o  -lnotmuch 
cp muttbug.sh flea
chmod +x flea
cp ./smime_keys.pl smime_keys
chmod +x smime_keys
make[2]: Leaving directory `/var/tmp/portage/mail-client/mutt-kz-0_pre20120724/work/mutt-kz-0_pre20120724'
make[1]: Leaving directory `/var/tmp/portage/mail-client/mutt-kz-0_pre20120724/work/mutt-kz-0_pre20120724'
